[2025-10-06 15:24:28] This is codeql execute queries -J-Xmx1391M --verbosity=progress --logdir=/home/ez/Documents/SCOPE-QL/scope/log --evaluator-log-level=5 --warnings=show --qlconfig-file=/home/ez/Documents/SCOPE-QL/qlconfig.yml --dynamic-join-order-mode=none --output=/home/ez/Documents/SCOPE-QL/structure.bqrs -- /home/ez/Documents/SCOPE-QL/scope/db-cpp path:/home/ez/Documents/SCOPE-QL/FunctionStructure.ql
[2025-10-06 15:24:28] Calling plumbing command: codeql resolve queries --qlconfig-file=/home/ez/Documents/SCOPE-QL/qlconfig.yml --format=json -- path:/home/ez/Documents/SCOPE-QL/FunctionStructure.ql
[2025-10-06 15:24:28] [PROGRESS] resolve queries> Recording pack reference scope-ql-pack at /home/ez/Documents/SCOPE-QL.
[2025-10-06 15:24:28] Plumbing command codeql resolve queries completed:
                      [
                        "/home/ez/Documents/SCOPE-QL/FunctionStructure.ql"
                      ]
[2025-10-06 15:24:29] Creating executor with 1 threads.
[2025-10-06 15:24:29] Calling plumbing command: codeql resolve extensions --qlconfig-file=/home/ez/Documents/SCOPE-QL/qlconfig.yml --include-extension-row-locations path:/home/ez/Documents/SCOPE-QL/FunctionStructure.ql
[2025-10-06 15:24:29] Calling plumbing command: codeql resolve queries --qlconfig-file=/home/ez/Documents/SCOPE-QL/qlconfig.yml --allow-library-packs --format startingpacks -- path:/home/ez/Documents/SCOPE-QL/FunctionStructure.ql
[2025-10-06 15:24:29] [PROGRESS] resolve queries> Recording pack reference scope-ql-pack at /home/ez/Documents/SCOPE-QL.
[2025-10-06 15:24:29] Plumbing command codeql resolve queries completed:
                      [
                        "/home/ez/Documents/SCOPE-QL"
                      ]
[2025-10-06 15:24:29] Calling plumbing command: codeql resolve extensions-by-pack --qlconfig-file=/home/ez/Documents/SCOPE-QL/qlconfig.yml --include-extension-row-locations -- /home/ez/Documents/SCOPE-QL
[2025-10-06 15:24:29] [SPAMMY] resolve extensions-by-pack> [INCOMPATIBILITY] scope-ql-pack: not 0.1.0 {root: scope-ql-pack@0.1.0}
[2025-10-06 15:24:29] [SPAMMY] resolve extensions-by-pack> [DERIVATION] scope-ql-pack: 0.1.0 {scope-ql-pack: not 0.1.0 {root: scope-ql-pack@0.1.0}}
[2025-10-06 15:24:29] [SPAMMY] resolve extensions-by-pack> [INCOMPATIBILITY] scope-ql-pack: * [*], codeql/cpp-all: not * {dependency: scope-ql-pack@* [*] requires codeql/cpp-all@*}
[2025-10-06 15:24:29] [SPAMMY] resolve extensions-by-pack> [DECISION 1] scope-ql-pack: 0.1.0
[2025-10-06 15:24:29] [SPAMMY] resolve extensions-by-pack> [DERIVATION] codeql/cpp-all: * {scope-ql-pack: * [*], codeql/cpp-all: not * {dependency: scope-ql-pack@* [*] requires codeql/cpp-all@*}}
[2025-10-06 15:24:29] [SPAMMY] resolve extensions-by-pack> [INCOMPATIBILITY] codeql/cpp-all: * [*] {pack not found: codeql/cpp-all}
[2025-10-06 15:24:29] [SPAMMY] resolve extensions-by-pack> [CONFLICT] codeql/cpp-all: * [*] {pack not found: codeql/cpp-all}
[2025-10-06 15:24:29] [SPAMMY] resolve extensions-by-pack>   [CONSTRAINT] scope-ql-pack: 0.1.0
[2025-10-06 15:24:29] [SPAMMY] resolve extensions-by-pack>   [CONSTRAINT] codeql/cpp-all: *
[2025-10-06 15:24:29] [SPAMMY] resolve extensions-by-pack>   [SATISFIER] derivation: codeql/cpp-all: *
[2025-10-06 15:24:29] [SPAMMY] resolve extensions-by-pack>   [ALMOST_SATISFIER] <none>
[2025-10-06 15:24:29] [SPAMMY] resolve extensions-by-pack> [INCOMPATIBILITY] scope-ql-pack: * [*] {conflict}
[2025-10-06 15:24:29] [SPAMMY] resolve extensions-by-pack> [FAILURE]
[2025-10-06 15:24:29] [SPAMMY] resolve extensions-by-pack>   Because 'scope-ql-pack' depends on 'codeql/cpp-all@*', but pack 'codeql/cpp-all' was not found, version solving failed.
[2025-10-06 15:24:29] [ERROR] resolve extensions-by-pack> ERROR: Referenced pack 'codeql/cpp-all' was not found locally, and no lock file is present for 'scope-ql-pack'. Run 'codeql pack install' to create the lock file and download the dependencies. (/home/ez/Documents/SCOPE-QL/qlpack.yml:1,1-1)
[2025-10-06 15:24:29] [ERROR] resolve extensions-by-pack> ERROR: No valid pack solution found:
                              Because 'scope-ql-pack' depends on 'codeql/cpp-all@*', but pack 'codeql/cpp-all' was not found, version solving failed.
                               (/home/ez/Documents/SCOPE-QL/qlpack.yml:1,1-1)
[2025-10-06 15:24:29] Sequence stamp origin is -5995694161580792527
[2025-10-06 15:24:29] Pausing evaluation to close the cache at sequence stamp o+0
[2025-10-06 15:24:29] The disk cache is freshly trimmed; leave it be.
[2025-10-06 15:24:29] Unpausing evaluation
[2025-10-06 15:24:29] Exception caught at top level: A 'codeql resolve extensions-by-pack' operation failed with error code 2
                      com.semmle.cli2.picocli.PlumbingRunner.call(PlumbingRunner.java:75)
                      com.semmle.cli2.picocli.SubcommandCommon.callPlumbingInProcess(SubcommandCommon.java:170)
                      com.semmle.cli2.resolve.ResolveExtensionsCommand.executeJSON(ResolveExtensionsCommand.java:59)
                      com.semmle.cli2.resolve.ResolveExtensionsCommand.executeJSON(ResolveExtensionsCommand.java:18)
                      com.semmle.cli2.picocli.SimpleJsonSubcommand.executeInsistingOnJSONWithExistingMessages(SimpleJsonSubcommand.java:121)
                      com.semmle.cli2.picocli.SubcommandCommon.withCompilationMessages(SubcommandCommon.java:444)
                      com.semmle.cli2.picocli.SimpleJsonSubcommand.executeInsistingOnJSON(SimpleJsonSubcommand.java:110)
                      com.semmle.cli2.picocli.PlumbingRunner.call(PlumbingRunner.java:61)
                      com.semmle.cli2.picocli.SubcommandCommon.callPlumbingInProcess(SubcommandCommon.java:170)
                      com.semmle.cli2.execute.ExecuteQueriesCommand.resolveExtensions(ExecuteQueriesCommand.java:856)
                      com.semmle.cli2.execute.ExecuteQueriesCommand.executeSubcommand(ExecuteQueriesCommand.java:471)
                      com.semmle.cli2.picocli.SubcommandCommon.lambda$executeSubcommandWithMessages$5(SubcommandCommon.java:892)
                      com.semmle.cli2.picocli.SubcommandCommon.withCompilationMessages(SubcommandCommon.java:444)
                      com.semmle.cli2.picocli.SubcommandCommon.executeSubcommandWithMessages(SubcommandCommon.java:890)
                      com.semmle.cli2.picocli.SubcommandCommon.toplevelMain(SubcommandCommon.java:777)
                      com.semmle.cli2.picocli.SubcommandCommon.call(SubcommandCommon.java:757)
                      com.semmle.cli2.picocli.SubcommandMaker.runMain(SubcommandMaker.java:238)
                      com.semmle.cli2.picocli.SubcommandMaker.runMain(SubcommandMaker.java:259)
                      com.semmle.cli2.CodeQL.main(CodeQL.java:113)
